<?xml version="1.0" encoding="UTF-8"?>
<testsuite xmlns:xsi="http://www.w3.org/2001/XMLSchema-instance" xsi:noNamespaceSchemaLocation="https://maven.apache.org/surefire/maven-surefire-plugin/xsd/surefire-test-report-3.0.xsd" version="3.0" name="com.capitec.fraudengine.service.FraudRuleEngineTest" time="0.046" tests="5" errors="0" skipped="0" failures="0">
  <properties>
[...]
</properties>
  <testcase name="whenHighValueTransaction_thenGenerateAlert" classname="com.capitec.fraudengine.service.FraudRuleEngineTest" time="0.041">
    <system-out><![CDATA[2026-09-25T15:39:09.235+02:00  INFO 27357 --- [           main] c.c.fraudengine.service.FraudRuleEngine  : Processing transaction: TX123
2026-09-25T15:39:09.236+02:00  WARN 27357 --- [           main] c.c.fraudengine.service.FraudRuleEngine  : Fraud alerts generated for transaction TX123: 1
]]></system-out>
  </testcase>
  <testcase name="whenOffHoursTransaction_thenGenerateAlert" classname="com.capitec.fraudengine.service.FraudRuleEngineTest" time="0.001">
    <system-out><![CDATA[2026-09-25T15:39:09.239+02:00  INFO 27357 --- [           main] c.c.fraudengine.service.FraudRuleEngine  : Processing transaction: TX789
2026-09-25T15:39:09.240+02:00  WARN 27357 --- [           main] c.c.fraudengine.service.FraudRuleEngine  : Fraud alerts generated for transaction TX789: 1
]]></system-out>
  </testcase>
  <testcase name="whenNormalTransaction_thenNoAlerts" classname="com.capitec.fraudengine.service.FraudRuleEngineTest" time="0">
    <system-out><![CDATA[2026-09-25T15:39:09.240+02:00  INFO 27357 --- [           main] c.c.fraudengine.service.FraudRuleEngine  : Processing transaction: TX000
]]></system-out>
  </testcase>
  <testcase name="whenSuspiciousCategory_thenGenerateAlert" classname="com.capitec.fraudengine.service.FraudRuleEngineTest" time="0">
    <system-out><![CDATA[2026-09-25T15:39:09.241+02:00  INFO 27357 --- [           main] c.c.fraudengine.service.FraudRuleEngine  : Processing transaction: TX456
2026-09-25T15:39:09.241+02:00  WARN 27357 --- [           main] c.c.fraudengine.service.FraudRuleEngine  : Fraud alerts generated for transaction TX456: 1
]]></system-out>
  </testcase>
  <testcase name="whenHighVelocity_thenGenerateAlert" classname="com.capitec.fraudengine.service.FraudRuleEngineTest" time="0.001">
    <system-out><![CDATA[2026-09-25T15:39:09.242+02:00  INFO 27357 --- [           main] c.c.fraudengine.service.FraudRuleEngine  : Processing transaction: TX_V0
2026-09-25T15:39:09.242+02:00  INFO 27357 --- [           main] c.c.fraudengine.service.FraudRuleEngine  : Processing transaction: TX_V1
2026-09-25T15:39:09.242+02:00  INFO 27357 --- [           main] c.c.fraudengine.service.FraudRuleEngine  : Processing transaction: TX_V2
2026-09-25T15:39:09.242+02:00  INFO 27357 --- [           main] c.c.fraudengine.service.FraudRuleEngine  : Processing transaction: TX_V4
2026-09-25T15:39:09.242+02:00  WARN 27357 --- [           main] c.c.fraudengine.service.FraudRuleEngine  : Fraud alerts generated for transaction TX_V4: 1
]]></system-out>
  </testcase>
</testsuite>