<?xml version="1.0" encoding="UTF-8"?>
<testsuite xmlns:xsi="http://www.w3.org/2001/XMLSchema-instance" xsi:noNamespaceSchemaLocation="https://maven.apache.org/surefire/maven-surefire-plugin/xsd/surefire-test-report-3.0.xsd" version="3.0" name="com.capitec.fraudengine.controller.TransactionControllerTest" time="2.035" tests="1" errors="0" skipped="0" failures="0">
  <properties>
[...]
</properties>
  <testcase name="testSendTransaction" classname="com.capitec.fraudengine.controller.TransactionControllerTest" time="0.049">
    <system-out><![CDATA[15:39:07.190 [main] INFO org.springframework.test.context.support.AnnotationConfigContextLoaderUtils -- Could not detect default configuration classes for test class [com.capitec.fraudengine.controller.TransactionControllerTest]: TransactionControllerTest does not declare any static, non-private, non-final, nested classes annotated with @Configuration.
15:39:07.223 [main] INFO org.springframework.boot.test.context.SpringBootTestContextBootstrapper -- Found @SpringBootConfiguration com.capitec.fraudengine.FraudRuleEngineApplication for test class com.capitec.fraudengine.controller.TransactionControllerTest

  .   ____          _            __ _ _
 /\\ / ___'_ __ _ _(_)_ __  __ _ \ \ \ \
( ( )\___ | '_ | '_| | '_ \/ _` | \ \ \ \
 \\/  ___)| |_)| | | | | || (_| |  ) ) ) )
  '  |____| .__|_| |_|_| |_\__, | / / / /
 =========|_|==============|___/=/_/_/_/
 :: Spring Boot ::                (v3.1.5)

2026-09-25T15:39:07.342+02:00  INFO 27357 --- [           main] c.c.f.c.TransactionControllerTest        : Starting TransactionControllerTest using Java 21.0.11 with PID 27357 (started by jiyanivanshi in /Users/jiyanivanshi/Dev/fraud-rule-engine)
2026-09-25T15:39:07.342+02:00  INFO 27357 --- [           main] c.c.f.c.TransactionControllerTest        : No active profile set, falling back to 1 default profile: "default"
2026-09-25T15:39:07.527+02:00  INFO 27357 --- [           main] .s.d.r.c.RepositoryConfigurationDelegate : Bootstrapping Spring Data JPA repositories in DEFAULT mode.
2026-09-25T15:39:07.573+02:00  INFO 27357 --- [           main] .s.d.r.c.RepositoryConfigurationDelegate : Finished Spring Data repository scanning in 44 ms. Found 1 JPA repository interfaces.
2026-09-25T15:39:07.622+02:00  INFO 27357 --- [           main] faultConfiguringBeanFactoryPostProcessor : No bean named 'errorChannel' has been explicitly defined. Therefore, a default PublishSubscribeChannel will be created.
2026-09-25T15:39:07.625+02:00  INFO 27357 --- [           main] faultConfiguringBeanFactoryPostProcessor : No bean named 'integrationHeaderChannelRegistry' has been explicitly defined. Therefore, a default DefaultHeaderChannelRegistry will be created.
2026-09-25T15:39:08.157+02:00  INFO 27357 --- [           main] o.hibernate.jpa.internal.util.LogHelper  : HHH000204: Processing PersistenceUnitInfo [name: default]
2026-09-25T15:39:08.179+02:00  INFO 27357 --- [           main] org.hibernate.Version                    : HHH000412: Hibernate ORM core version 6.2.13.Final
2026-09-25T15:39:08.180+02:00  INFO 27357 --- [           main] org.hibernate.cfg.Environment            : HHH000406: Using bytecode reflection optimizer
2026-09-25T15:39:08.227+02:00  INFO 27357 --- [           main] o.s.o.j.p.SpringPersistenceUnitInfo      : No LoadTimeWeaver setup: ignoring JPA class transformer
2026-09-25T15:39:08.236+02:00  INFO 27357 --- [           main] com.zaxxer.hikari.HikariDataSource       : HikariPool-1 - Starting...
2026-09-25T15:39:08.306+02:00  INFO 27357 --- [           main] com.zaxxer.hikari.pool.HikariPool        : HikariPool-1 - Added connection conn0: url=jdbc:h2:mem:frauddb user=SA
2026-09-25T15:39:08.306+02:00  INFO 27357 --- [           main] com.zaxxer.hikari.HikariDataSource       : HikariPool-1 - Start completed.
2026-09-25T15:39:08.315+02:00  WARN 27357 --- [           main] org.hibernate.orm.deprecation            : HHH90000025: H2Dialect does not need to be specified explicitly using 'hibernate.dialect' (remove the property setting and it will be selected by default)
2026-09-25T15:39:08.541+02:00  INFO 27357 --- [           main] o.h.e.t.j.p.i.JtaPlatformInitiator       : HHH000489: No JTA platform available (set 'hibernate.transaction.jta.platform' to enable JTA platform integration)
2026-09-25T15:39:08.558+02:00  INFO 27357 --- [           main] j.LocalContainerEntityManagerFactoryBean : Initialized JPA EntityManagerFactory for persistence unit 'default'
2026-09-25T15:39:08.704+02:00  WARN 27357 --- [           main] JpaBaseConfiguration$JpaWebConfiguration : spring.jpa.open-in-view is enabled by default. Therefore, database queries may be performed during view rendering. Explicitly configure spring.jpa.open-in-view to disable this warning
2026-09-25T15:39:08.799+02:00  INFO 27357 --- [           main] o.s.b.a.h2.H2ConsoleAutoConfiguration    : H2 console available at '/h2-console'. Database available at 'jdbc:h2:mem:frauddb'
2026-09-25T15:39:08.850+02:00  INFO 27357 --- [           main] o.s.b.t.m.w.SpringBootMockServletContext : Initializing Spring TestDispatcherServlet ''
2026-09-25T15:39:08.850+02:00  INFO 27357 --- [           main] o.s.t.web.servlet.TestDispatcherServlet  : Initializing Servlet ''
2026-09-25T15:39:08.851+02:00  INFO 27357 --- [           main] o.s.t.web.servlet.TestDispatcherServlet  : Completed initialization in 1 ms
2026-09-25T15:39:08.893+02:00  INFO 27357 --- [           main] o.s.c.s.m.DirectWithAttributesChannel    : Channel 'fraud-rule-engine.consumeTransaction-in-0' has 1 subscriber(s).
2026-09-25T15:39:08.923+02:00  INFO 27357 --- [           main] o.s.i.endpoint.EventDrivenConsumer       : Adding {logging-channel-adapter:_org.springframework.integration.errorLogger} as a subscriber to the 'errorChannel' channel
2026-09-25T15:39:08.924+02:00  INFO 27357 --- [           main] o.s.i.channel.PublishSubscribeChannel    : Channel 'fraud-rule-engine.errorChannel' has 1 subscriber(s).
2026-09-25T15:39:08.924+02:00  INFO 27357 --- [           main] o.s.i.endpoint.EventDrivenConsumer       : started bean '_org.springframework.integration.errorLogger'
2026-09-25T15:39:08.924+02:00  INFO 27357 --- [           main] o.s.c.s.binder.DefaultBinderFactory      : Creating binder: kafka
2026-09-25T15:39:08.924+02:00  INFO 27357 --- [           main] o.s.c.s.binder.DefaultBinderFactory      : Constructing binder child context for kafka
2026-09-25T15:39:08.950+02:00  INFO 27357 --- [           main] o.s.c.s.binder.DefaultBinderFactory      : Caching the binder: kafka
2026-09-25T15:39:08.954+02:00  INFO 27357 --- [           main] o.a.k.clients.admin.AdminClientConfig    : AdminClientConfig values: 
	auto.include.jmx.reporter = true
	bootstrap.servers = [localhost:9092]
	client.dns.lookup = use_all_dns_ips
	client.id = 
	connections.max.idle.ms = 300000
	default.api.timeout.ms = 60000
	metadata.max.age.ms = 300000
	metric.reporters = []
	metrics.num.samples = 2
	metrics.recording.level = INFO
	metrics.sample.window.ms = 30000
	receive.buffer.bytes = 65536
	reconnect.backoff.max.ms = 1000
	reconnect.backoff.ms = 50
	request.timeout.ms = 30000
	retries = 2147483647
	retry.backoff.ms = 100
	sasl.client.callback.handler.class = null
	sasl.jaas.config = null
	sasl.kerberos.kinit.cmd = /usr/bin/kinit
	sasl.kerberos.min.time.before.relogin = 60000
	sasl.kerberos.service.name = null
	sasl.kerberos.ticket.renew.jitter = 0.05
	sasl.kerberos.ticket.renew.window.factor = 0.8
	sasl.login.callback.handler.class = null
	sasl.login.class = null
	sasl.login.connect.timeout.ms = null
	sasl.login.read.timeout.ms = null
	sasl.login.refresh.buffer.seconds = 300
	sasl.login.refresh.min.period.seconds = 60
	sasl.login.refresh.window.factor = 0.8
	sasl.login.refresh.window.jitter = 0.05
	sasl.login.retry.backoff.max.ms = 10000
	sasl.login.retry.backoff.ms = 100
	sasl.mechanism = GSSAPI
	sasl.oauthbearer.clock.skew.seconds = 30
	sasl.oauthbearer.expected.audience = null
	sasl.oauthbearer.expected.issuer = null
	sasl.oauthbearer.jwks.endpoint.refresh.ms = 3600000
	sasl.oauthbearer.jwks.endpoint.retry.backoff.max.ms = 10000
	sasl.oauthbearer.jwks.endpoint.retry.backoff.ms = 100
	sasl.oauthbearer.jwks.endpoint.url = null
	sasl.oauthbearer.scope.claim.name = scope
	sasl.oauthbearer.sub.claim.name = sub
	sasl.oauthbearer.token.endpoint.url = null
	security.protocol = PLAINTEXT
	security.providers = null
	send.buffer.bytes = 131072
	socket.connection.setup.timeout.max.ms = 30000
	socket.connection.setup.timeout.ms = 10000
	ssl.cipher.suites = null
	ssl.enabled.protocols = [TLSv1.2, TLSv1.3]
	ssl.endpoint.identification.algorithm = https
	ssl.engine.factory.class = null
	ssl.key.password = null
	ssl.keymanager.algorithm = SunX509
	ssl.keystore.certificate.chain = null
	ssl.keystore.key = null
	ssl.keystore.location = null
	ssl.keystore.password = null
	ssl.keystore.type = JKS
	ssl.protocol = TLSv1.3
	ssl.provider = null
	ssl.secure.random.implementation = null
	ssl.trustmanager.algorithm = PKIX
	ssl.truststore.certificates = null
	ssl.truststore.location = null
	ssl.truststore.password = null
	ssl.truststore.type = JKS

2026-09-25T15:39:08.999+02:00  INFO 27357 --- [           main] o.a.kafka.common.utils.AppInfoParser     : Kafka version: 3.4.1
2026-09-25T15:39:08.999+02:00  INFO 27357 --- [           main] o.a.kafka.common.utils.AppInfoParser     : Kafka commitId: 8a516edc2755df89
2026-09-25T15:39:08.999+02:00  INFO 27357 --- [           main] o.a.kafka.common.utils.AppInfoParser     : Kafka startTimeMs: 1790343548998
2026-09-25T15:39:09.098+02:00  INFO 27357 --- [| adminclient-1] o.a.kafka.common.utils.AppInfoParser     : App info kafka.admin.client for adminclient-1 unregistered
2026-09-25T15:39:09.100+02:00  INFO 27357 --- [| adminclient-1] o.apache.kafka.common.metrics.Metrics    : Metrics scheduler closed
2026-09-25T15:39:09.100+02:00  INFO 27357 --- [| adminclient-1] o.apache.kafka.common.metrics.Metrics    : Closing reporter org.apache.kafka.common.metrics.JmxReporter
2026-09-25T15:39:09.100+02:00  INFO 27357 --- [| adminclient-1] o.apache.kafka.common.metrics.Metrics    : Metrics reporters closed
2026-09-25T15:39:09.104+02:00  INFO 27357 --- [           main] o.a.k.clients.consumer.ConsumerConfig    : ConsumerConfig values: 
	allow.auto.create.topics = true
	auto.commit.interval.ms = 100
	auto.include.jmx.reporter = true
	auto.offset.reset = earliest
	bootstrap.servers = [localhost:9092]
	check.crcs = true
	client.dns.lookup = use_all_dns_ips
	client.id = consumer-fraud-engine-group-1
	client.rack = 
	connections.max.idle.ms = 540000
	default.api.timeout.ms = 60000
	enable.auto.commit = false
	exclude.internal.topics = true
	fetch.max.bytes = 52428800
	fetch.max.wait.ms = 500
	fetch.min.bytes = 1
	group.id = fraud-engine-group
	group.instance.id = null
	heartbeat.interval.ms = 3000
	interceptor.classes = []
	internal.leave.group.on.close = true
	internal.throw.on.fetch.stable.offset.unsupported = false
	isolation.level = read_uncommitted
	key.deserializer = class org.apache.kafka.common.serialization.ByteArrayDeserializer
	max.partition.fetch.bytes = 1048576
	max.poll.interval.ms = 300000
	max.poll.records = 500
	metadata.max.age.ms = 300000
	metric.reporters = []
	metrics.num.samples = 2
	metrics.recording.level = INFO
	metrics.sample.window.ms = 30000
	partition.assignment.strategy = [class org.apache.kafka.clients.consumer.RangeAssignor, class org.apache.kafka.clients.consumer.CooperativeStickyAssignor]
	receive.buffer.bytes = 65536
	reconnect.backoff.max.ms = 1000
	reconnect.backoff.ms = 50
	request.timeout.ms = 30000
	retry.backoff.ms = 100
	sasl.client.callback.handler.class = null
	sasl.jaas.config = null
	sasl.kerberos.kinit.cmd = /usr/bin/kinit
	sasl.kerberos.min.time.before.relogin = 60000
	sasl.kerberos.service.name = null
	sasl.kerberos.ticket.renew.jitter = 0.05
	sasl.kerberos.ticket.renew.window.factor = 0.8
	sasl.login.callback.handler.class = null
	sasl.login.class = null
	sasl.login.connect.timeout.ms = null
	sasl.login.read.timeout.ms = null
	sasl.login.refresh.buffer.seconds = 300
	sasl.login.refresh.min.period.seconds = 60
	sasl.login.refresh.window.factor = 0.8
	sasl.login.refresh.window.jitter = 0.05
	sasl.login.retry.backoff.max.ms = 10000
	sasl.login.retry.backoff.ms = 100
	sasl.mechanism = GSSAPI
	sasl.oauthbearer.clock.skew.seconds = 30
	sasl.oauthbearer.expected.audience = null
	sasl.oauthbearer.expected.issuer = null
	sasl.oauthbearer.jwks.endpoint.refresh.ms = 3600000
	sasl.oauthbearer.jwks.endpoint.retry.backoff.max.ms = 10000
	sasl.oauthbearer.jwks.endpoint.retry.backoff.ms = 100
	sasl.oauthbearer.jwks.endpoint.url = null
	sasl.oauthbearer.scope.claim.name = scope
	sasl.oauthbearer.sub.claim.name = sub
	sasl.oauthbearer.token.endpoint.url = null
	security.protocol = PLAINTEXT
	security.providers = null
	send.buffer.bytes = 131072
	session.timeout.ms = 45000
	socket.connection.setup.timeout.max.ms = 30000
	socket.connection.setup.timeout.ms = 10000
	ssl.cipher.suites = null
	ssl.enabled.protocols = [TLSv1.2, TLSv1.3]
	ssl.endpoint.identification.algorithm = https
	ssl.engine.factory.class = null
	ssl.key.password = null
	ssl.keymanager.algorithm = SunX509
	ssl.keystore.certificate.chain = null
	ssl.keystore.key = null
	ssl.keystore.location = null
	ssl.keystore.password = null
	ssl.keystore.type = JKS
	ssl.protocol = TLSv1.3
	ssl.provider = null
	ssl.secure.random.implementation = null
	ssl.trustmanager.algorithm = PKIX
	ssl.truststore.certificates = null
	ssl.truststore.location = null
	ssl.truststore.password = null
	ssl.truststore.type = JKS
	value.deserializer = class org.apache.kafka.common.serialization.ByteArrayDeserializer

2026-09-25T15:39:09.113+02:00  WARN 27357 --- [           main] o.a.k.clients.consumer.ConsumerConfig    : These configurations '[spring.json.trusted.packages]' were supplied but are not used yet.
2026-09-25T15:39:09.114+02:00  INFO 27357 --- [           main] o.a.kafka.common.utils.AppInfoParser     : Kafka version: 3.4.1
2026-09-25T15:39:09.114+02:00  INFO 27357 --- [           main] o.a.kafka.common.utils.AppInfoParser     : Kafka commitId: 8a516edc2755df89
2026-09-25T15:39:09.114+02:00  INFO 27357 --- [           main] o.a.kafka.common.utils.AppInfoParser     : Kafka startTimeMs: 1790343549114
2026-09-25T15:39:09.117+02:00  INFO 27357 --- [           main] org.apache.kafka.clients.Metadata        : [Consumer clientId=consumer-fraud-engine-group-1, groupId=fraud-engine-group] Cluster ID: X_YNd2wYSCmD-WgEBrvEYQ
2026-09-25T15:39:09.117+02:00  INFO 27357 --- [           main] o.a.k.c.c.internals.ConsumerCoordinator  : [Consumer clientId=consumer-fraud-engine-group-1, groupId=fraud-engine-group] Resetting generation and member id due to: consumer pro-actively leaving the group
2026-09-25T15:39:09.117+02:00  INFO 27357 --- [           main] o.a.k.c.c.internals.ConsumerCoordinator  : [Consumer clientId=consumer-fraud-engine-group-1, groupId=fraud-engine-group] Request joining group due to: consumer pro-actively leaving the group
2026-09-25T15:39:09.117+02:00  INFO 27357 --- [           main] o.apache.kafka.common.metrics.Metrics    : Metrics scheduler closed
2026-09-25T15:39:09.117+02:00  INFO 27357 --- [           main] o.apache.kafka.common.metrics.Metrics    : Closing reporter org.apache.kafka.common.metrics.JmxReporter
2026-09-25T15:39:09.117+02:00  INFO 27357 --- [           main] o.apache.kafka.common.metrics.Metrics    : Metrics reporters closed
2026-09-25T15:39:09.118+02:00  INFO 27357 --- [           main] o.a.kafka.common.utils.AppInfoParser     : App info kafka.consumer for consumer-fraud-engine-group-1 unregistered
2026-09-25T15:39:09.127+02:00  INFO 27357 --- [           main] o.s.c.stream.binder.BinderErrorChannel   : Channel 'kafka-227072471.consumeTransaction-in-0.errors' has 1 subscriber(s).
2026-09-25T15:39:09.127+02:00  INFO 27357 --- [           main] o.s.c.stream.binder.BinderErrorChannel   : Channel 'kafka-227072471.consumeTransaction-in-0.errors' has 0 subscriber(s).
2026-09-25T15:39:09.127+02:00  INFO 27357 --- [           main] o.s.c.stream.binder.BinderErrorChannel   : Channel 'kafka-227072471.consumeTransaction-in-0.errors' has 1 subscriber(s).
2026-09-25T15:39:09.127+02:00  INFO 27357 --- [           main] o.s.c.stream.binder.BinderErrorChannel   : Channel 'kafka-227072471.consumeTransaction-in-0.errors' has 2 subscriber(s).
2026-09-25T15:39:09.132+02:00  INFO 27357 --- [           main] o.a.k.clients.consumer.ConsumerConfig    : ConsumerConfig values: 
	allow.auto.create.topics = true
	auto.commit.interval.ms = 100
	auto.include.jmx.reporter = true
	auto.offset.reset = earliest
	bootstrap.servers = [localhost:9092]
	check.crcs = true
	client.dns.lookup = use_all_dns_ips
	client.id = consumer-fraud-engine-group-2
	client.rack = 
	connections.max.idle.ms = 540000
	default.api.timeout.ms = 60000
	enable.auto.commit = false
	exclude.internal.topics = true
	fetch.max.bytes = 52428800
	fetch.max.wait.ms = 500
	fetch.min.bytes = 1
	group.id = fraud-engine-group
	group.instance.id = null
	heartbeat.interval.ms = 3000
	interceptor.classes = []
	internal.leave.group.on.close = true
	internal.throw.on.fetch.stable.offset.unsupported = false
	isolation.level = read_uncommitted
	key.deserializer = class org.apache.kafka.common.serialization.ByteArrayDeserializer
	max.partition.fetch.bytes = 1048576
	max.poll.interval.ms = 300000
	max.poll.records = 500
	metadata.max.age.ms = 300000
	metric.reporters = []
	metrics.num.samples = 2
	metrics.recording.level = INFO
	metrics.sample.window.ms = 30000
	partition.assignment.strategy = [class org.apache.kafka.clients.consumer.RangeAssignor, class org.apache.kafka.clients.consumer.CooperativeStickyAssignor]
	receive.buffer.bytes = 65536
	reconnect.backoff.max.ms = 1000
	reconnect.backoff.ms = 50
	request.timeout.ms = 30000
	retry.backoff.ms = 100
	sasl.client.callback.handler.class = null
	sasl.jaas.config = null
	sasl.kerberos.kinit.cmd = /usr/bin/kinit
	sasl.kerberos.min.time.before.relogin = 60000
	sasl.kerberos.service.name = null
	sasl.kerberos.ticket.renew.jitter = 0.05
	sasl.kerberos.ticket.renew.window.factor = 0.8
	sasl.login.callback.handler.class = null
	sasl.login.class = null
	sasl.login.connect.timeout.ms = null
	sasl.login.read.timeout.ms = null
	sasl.login.refresh.buffer.seconds = 300
	sasl.login.refresh.min.period.seconds = 60
	sasl.login.refresh.window.factor = 0.8
	sasl.login.refresh.window.jitter = 0.05
	sasl.login.retry.backoff.max.ms = 10000
	sasl.login.retry.backoff.ms = 100
	sasl.mechanism = GSSAPI
	sasl.oauthbearer.clock.skew.seconds = 30
	sasl.oauthbearer.expected.audience = null
	sasl.oauthbearer.expected.issuer = null
	sasl.oauthbearer.jwks.endpoint.refresh.ms = 3600000
	sasl.oauthbearer.jwks.endpoint.retry.backoff.max.ms = 10000
	sasl.oauthbearer.jwks.endpoint.retry.backoff.ms = 100
	sasl.oauthbearer.jwks.endpoint.url = null
	sasl.oauthbearer.scope.claim.name = scope
	sasl.oauthbearer.sub.claim.name = sub
	sasl.oauthbearer.token.endpoint.url = null
	security.protocol = PLAINTEXT
	security.providers = null
	send.buffer.bytes = 131072
	session.timeout.ms = 45000
	socket.connection.setup.timeout.max.ms = 30000
	socket.connection.setup.timeout.ms = 10000
	ssl.cipher.suites = null
	ssl.enabled.protocols = [TLSv1.2, TLSv1.3]
	ssl.endpoint.identification.algorithm = https
	ssl.engine.factory.class = null
	ssl.key.password = null
	ssl.keymanager.algorithm = SunX509
	ssl.keystore.certificate.chain = null
	ssl.keystore.key = null
	ssl.keystore.location = null
	ssl.keystore.password = null
	ssl.keystore.type = JKS
	ssl.protocol = TLSv1.3
	ssl.provider = null
	ssl.secure.random.implementation = null
	ssl.trustmanager.algorithm = PKIX
	ssl.truststore.certificates = null
	ssl.truststore.location = null
	ssl.truststore.password = null
	ssl.truststore.type = JKS
	value.deserializer = class org.apache.kafka.common.serialization.ByteArrayDeserializer

2026-09-25T15:39:09.134+02:00  WARN 27357 --- [           main] o.a.k.clients.consumer.ConsumerConfig    : These configurations '[spring.json.trusted.packages]' were supplied but are not used yet.
2026-09-25T15:39:09.134+02:00  INFO 27357 --- [           main] o.a.kafka.common.utils.AppInfoParser     : Kafka version: 3.4.1
2026-09-25T15:39:09.134+02:00  INFO 27357 --- [           main] o.a.kafka.common.utils.AppInfoParser     : Kafka commitId: 8a516edc2755df89
2026-09-25T15:39:09.134+02:00  INFO 27357 --- [           main] o.a.kafka.common.utils.AppInfoParser     : Kafka startTimeMs: 1790343549134
2026-09-25T15:39:09.134+02:00  INFO 27357 --- [           main] o.a.k.clients.consumer.KafkaConsumer     : [Consumer clientId=consumer-fraud-engine-group-2, groupId=fraud-engine-group] Subscribed to topic(s): transactions
2026-09-25T15:39:09.135+02:00  INFO 27357 --- [           main] s.i.k.i.KafkaMessageDrivenChannelAdapter : started org.springframework.integration.kafka.inbound.KafkaMessageDrivenChannelAdapter@2a64cb1f
2026-09-25T15:39:09.139+02:00  INFO 27357 --- [           main] c.c.f.c.TransactionControllerTest        : Started TransactionControllerTest in 1.879 seconds (process running for 2.152)
2026-09-25T15:39:09.139+02:00  INFO 27357 --- [container-0-C-1] org.apache.kafka.clients.Metadata        : [Consumer clientId=consumer-fraud-engine-group-2, groupId=fraud-engine-group] Resetting the last seen epoch of partition transactions-0 to 0 since the associated topicId changed from null to 5dEDwxxtShK5LTbkoFi5Jw
2026-09-25T15:39:09.139+02:00  INFO 27357 --- [container-0-C-1] org.apache.kafka.clients.Metadata        : [Consumer clientId=consumer-fraud-engine-group-2, groupId=fraud-engine-group] Cluster ID: X_YNd2wYSCmD-WgEBrvEYQ
2026-09-25T15:39:09.139+02:00  INFO 27357 --- [container-0-C-1] o.a.k.c.c.internals.ConsumerCoordinator  : [Consumer clientId=consumer-fraud-engine-group-2, groupId=fraud-engine-group] Discovered group coordinator localhost:9092 (id: 2147483646 rack: null)
2026-09-25T15:39:09.140+02:00  INFO 27357 --- [container-0-C-1] o.a.k.c.c.internals.ConsumerCoordinator  : [Consumer clientId=consumer-fraud-engine-group-2, groupId=fraud-engine-group] (Re-)joining group
2026-09-25T15:39:09.148+02:00  INFO 27357 --- [container-0-C-1] o.a.k.c.c.internals.ConsumerCoordinator  : [Consumer clientId=consumer-fraud-engine-group-2, groupId=fraud-engine-group] Request joining group due to: need to re-join with the given member-id: consumer-fraud-engine-group-2-bc8ffb0e-2fcf-4d9c-bec7-3376a8f1ee9e
2026-09-25T15:39:09.148+02:00  INFO 27357 --- [container-0-C-1] o.a.k.c.c.internals.ConsumerCoordinator  : [Consumer clientId=consumer-fraud-engine-group-2, groupId=fraud-engine-group] Request joining group due to: rebalance failed due to 'The group member needs to have a valid member id before actually entering a consumer group.' (MemberIdRequiredException)
2026-09-25T15:39:09.148+02:00  INFO 27357 --- [container-0-C-1] o.a.k.c.c.internals.ConsumerCoordinator  : [Consumer clientId=consumer-fraud-engine-group-2, groupId=fraud-engine-group] (Re-)joining group
2026-09-25T15:39:09.185+02:00  INFO 27357 --- [           main] c.c.f.controller.TransactionController   : Sending transaction to rules engine: TX123
]]></system-out>
    <system-err><![CDATA[WARNING: A Java agent has been loaded dynamically (/Users/jiyanivanshi/.m2/repository/net/bytebuddy/byte-buddy-agent/1.14.9/byte-buddy-agent-1.14.9.jar)
WARNING: If a serviceability tool is in use, please run with -XX:+EnableDynamicAgentLoading to hide this warning
WARNING: If a serviceability tool is not in use, please run with -Djdk.instrument.traceUsage for more information
WARNING: Dynamic loading of agents will be disallowed by default in a future release
]]></system-err>
  </testcase>
</testsuite>